IQ-TREE multicore version 1.5.5 for Mac OS X 64-bit built Nov 22 2017
Copyright (c) 2011-2017 by Bui Quang Minh, Nguyen Lam Tung,
Olga Chernomor, Heiko Schmidt, and Arndt von Haeseler.

Host:    mib111501i.internal.sanger.ac.uk (AVX2, FMA3, 16 GB RAM)
Command: iqtree -s listeria_monocytogenes_core_gene_snps.aln -nt 4
Seed:    550759 (Using SPRNG - Scalable Parallel Random Number Generator)
Time:    Tue Jun 19 09:58:33 2018
Kernel:  AVX+FMA - 4 threads (4 CPU cores detected)

Reading alignment file listeria_monocytogenes_core_gene_snps.aln ... Fasta format detected
Alignment most likely contains DNA/RNA sequences
Alignment has 128 sequences with 150759 columns and 42643 patterns (143851 informative sites, 0 constant sites)
WARNING: Some sequence names are changed as follows:
12673_8#24 -> 12673_8_24
12673_8#26 -> 12673_8_26
12673_8#27 -> 12673_8_27
12673_8#28 -> 12673_8_28
12673_8#29 -> 12673_8_29
12673_8#31 -> 12673_8_31
12673_8#32 -> 12673_8_32
12673_8#34 -> 12673_8_34
12673_8#36 -> 12673_8_36
12673_8#37 -> 12673_8_37
12673_8#39 -> 12673_8_39
12673_8#41 -> 12673_8_41
12673_8#42 -> 12673_8_42
12673_8#43 -> 12673_8_43
12754_4#66 -> 12754_4_66
12754_4#68 -> 12754_4_68
12754_4#70 -> 12754_4_70
12754_4#71 -> 12754_4_71
12754_4#73 -> 12754_4_73
12754_4#74 -> 12754_4_74
12754_4#75 -> 12754_4_75
12754_4#77 -> 12754_4_77
12754_4#78 -> 12754_4_78
12754_4#79 -> 12754_4_79
12754_4#80 -> 12754_4_80
12754_4#81 -> 12754_4_81
12754_4#82 -> 12754_4_82
12754_4#84 -> 12754_4_84
12754_4#85 -> 12754_4_85
12754_4#87 -> 12754_4_87
12754_4#88 -> 12754_4_88
12754_4#89 -> 12754_4_89
12754_4#90 -> 12754_4_90
12754_4#92 -> 12754_4_92
12754_4#94 -> 12754_4_94
12754_4#95 -> 12754_4_95
12754_5#11 -> 12754_5_11
12754_5#12 -> 12754_5_12
12754_5#13 -> 12754_5_13
12754_5#14 -> 12754_5_14
12754_5#16 -> 12754_5_16
12754_5#18 -> 12754_5_18
12754_5#19 -> 12754_5_19
12754_5#2 -> 12754_5_2
12754_5#20 -> 12754_5_20
12754_5#22 -> 12754_5_22
12754_5#24 -> 12754_5_24
12754_5#26 -> 12754_5_26
12754_5#28 -> 12754_5_28
12754_5#3 -> 12754_5_3
12754_5#30 -> 12754_5_30
12754_5#32 -> 12754_5_32
12754_5#33 -> 12754_5_33
12754_5#35 -> 12754_5_35
12754_5#36 -> 12754_5_36
12754_5#37 -> 12754_5_37
12754_5#39 -> 12754_5_39
12754_5#40 -> 12754_5_40
12754_5#42 -> 12754_5_42
12754_5#43 -> 12754_5_43
12754_5#45 -> 12754_5_45
12754_5#46 -> 12754_5_46
12754_5#47 -> 12754_5_47
12754_5#49 -> 12754_5_49
12754_5#5 -> 12754_5_5
12754_5#51 -> 12754_5_51
12754_5#52 -> 12754_5_52
12754_5#53 -> 12754_5_53
12754_5#55 -> 12754_5_55
12754_5#57 -> 12754_5_57
12754_5#59 -> 12754_5_59
12754_5#6 -> 12754_5_6
12754_5#61 -> 12754_5_61
12754_5#62 -> 12754_5_62
12754_5#64 -> 12754_5_64
12754_5#66 -> 12754_5_66
12754_5#68 -> 12754_5_68
12754_5#70 -> 12754_5_70
12754_5#71 -> 12754_5_71
12754_5#72 -> 12754_5_72
12754_5#73 -> 12754_5_73
12754_5#74 -> 12754_5_74
12754_5#76 -> 12754_5_76
12754_5#78 -> 12754_5_78
12754_5#8 -> 12754_5_8
12754_5#80 -> 12754_5_80
12754_5#82 -> 12754_5_82
12754_5#84 -> 12754_5_84
12754_5#86 -> 12754_5_86
12754_5#88 -> 12754_5_88
12754_5#89 -> 12754_5_89
12754_5#9 -> 12754_5_9
12754_5#90 -> 12754_5_90
12754_5#92 -> 12754_5_92
12754_5#94 -> 12754_5_94
12754_5#95 -> 12754_5_95
19183_4#48 -> 19183_4_48
19183_4#49 -> 19183_4_49
19183_4#50 -> 19183_4_50
19183_4#51 -> 19183_4_51
19183_4#52 -> 19183_4_52
19183_4#53 -> 19183_4_53
19183_4#54 -> 19183_4_54
19183_4#55 -> 19183_4_55
19183_4#56 -> 19183_4_56
19183_4#57 -> 19183_4_57
19183_4#58 -> 19183_4_58
19183_4#59 -> 19183_4_59
19183_4#60 -> 19183_4_60
19183_4#61 -> 19183_4_61
19183_4#62 -> 19183_4_62
19183_4#63 -> 19183_4_63
19183_4#64 -> 19183_4_64
19183_4#65 -> 19183_4_65
19183_4#66 -> 19183_4_66
19183_4#67 -> 19183_4_67
19183_4#68 -> 19183_4_68
19183_4#69 -> 19183_4_69
19183_4#70 -> 19183_4_70
19183_4#71 -> 19183_4_71
19183_4#72 -> 19183_4_72
19183_4#73 -> 19183_4_73
19183_4#74 -> 19183_4_74
19183_4#75 -> 19183_4_75
19183_4#76 -> 19183_4_76
19183_4#77 -> 19183_4_77
19183_4#78 -> 19183_4_78
19183_4#79 -> 19183_4_79

            Gap/Ambiguity  Composition  p-value
   1  12673_8_24    0.32%    failed      3.49%
   2  12673_8_26    0.23%    failed      3.18%
   3  12673_8_27    0.28%    passed     10.10%
   4  12673_8_28    0.35%    failed      1.37%
   5  12673_8_29    0.27%    failed      3.44%
   6  12673_8_31    0.25%    failed      3.12%
   7  12673_8_32    0.36%    failed      2.43%
   8  12673_8_34    0.30%    failed      2.27%
   9  12673_8_36    0.26%    failed      3.08%
  10  12673_8_37    0.33%    failed      1.89%
  11  12673_8_39    0.22%    failed      0.00%
  12  12673_8_41    0.24%    failed      3.72%
  13  12673_8_42    0.31%    failed      2.65%
  14  12673_8_43    0.35%    passed      6.18%
  15  12754_4_66    0.22%    failed      3.68%
  16  12754_4_68    0.37%    failed      2.20%
  17  12754_4_70    0.30%    failed      2.92%
  18  12754_4_71    0.29%    failed      0.00%
  19  12754_4_73    0.27%    failed      3.74%
  20  12754_4_74    0.45%    failed      3.38%
  21  12754_4_75    0.32%    failed      2.99%
  22  12754_4_77    0.55%    passed      7.20%
  23  12754_4_78    0.28%    failed      0.00%
  24  12754_4_79    0.24%    failed      0.00%
  25  12754_4_80    0.26%    passed      8.68%
  26  12754_4_81    0.32%    failed      0.00%
  27  12754_4_82    0.30%    passed      6.01%
  28  12754_4_84    0.63%    failed      0.00%
  29  12754_4_85    0.22%    failed      3.53%
  30  12754_4_87    0.32%    failed      0.00%
  31  12754_4_88    0.35%    failed      4.85%
  32  12754_4_89    0.61%    failed      0.00%
  33  12754_4_90    0.17%    failed      0.00%
  34  12754_4_92    0.13%    failed      0.00%
  35  12754_4_94    0.49%    failed      0.00%
  36  12754_4_95    0.31%    passed      6.12%
  37  12754_5_11    0.29%    passed      7.25%
  38  12754_5_12    0.25%    failed      0.01%
  39  12754_5_13    0.34%    passed      7.80%
  40  12754_5_14    0.23%    failed      0.02%
  41  12754_5_16    0.47%    failed      0.00%
  42  12754_5_18    0.32%    failed      2.02%
  43  12754_5_19    0.37%    failed      0.00%
  44  12754_5_2     0.36%    failed      0.00%
  45  12754_5_20    0.48%    failed      0.00%
  46  12754_5_22    0.23%    failed      3.26%
  47  12754_5_24    0.22%    failed      3.39%
  48  12754_5_26    0.30%    failed      1.98%
  49  12754_5_28    0.37%    failed      3.98%
  50  12754_5_3     0.32%    passed      6.38%
  51  12754_5_30    0.53%    failed      0.00%
  52  12754_5_32    0.29%    failed      3.57%
  53  12754_5_33    0.29%    passed      6.75%
  54  12754_5_35    0.25%    failed      0.00%
  55  12754_5_36    0.22%    failed      3.47%
  56  12754_5_37    0.24%    failed      0.00%
  57  12754_5_39    0.77%    failed      0.00%
  58  12754_5_40    0.28%    passed      6.80%
  59  12754_5_42    0.19%    failed      0.02%
  60  12754_5_43    0.41%    passed      6.32%
  61  12754_5_45    0.26%    failed      2.33%
  62  12754_5_46    0.32%    failed      0.02%
  63  12754_5_47    0.26%    failed      3.55%
  64  12754_5_49    0.18%    failed      0.02%
  65  12754_5_5     0.57%    failed      0.00%
  66  12754_5_51    0.37%    failed      2.34%
  67  12754_5_52    0.31%    failed      0.00%
  68  12754_5_53    0.29%    failed      2.54%
  69  12754_5_55    0.57%    failed      1.63%
  70  12754_5_57    0.47%    failed      1.56%
  71  12754_5_59    0.60%    failed      1.67%
  72  12754_5_6     0.33%    failed      3.68%
  73  12754_5_61    0.32%    failed      3.59%
  74  12754_5_62    0.59%    failed      0.00%
  75  12754_5_64    0.33%    failed      3.17%
  76  12754_5_66    0.20%    failed      0.00%
  77  12754_5_68    0.55%    passed     11.31%
  78  12754_5_70    0.28%    passed      6.65%
  79  12754_5_71    0.34%    failed      3.36%
  80  12754_5_72    0.18%    failed      0.00%
  81  12754_5_73    0.28%    failed      0.01%
  82  12754_5_74    0.33%    failed      3.50%
  83  12754_5_76    0.29%    failed      3.00%
  84  12754_5_78    0.37%    failed      3.50%
  85  12754_5_8     0.30%    failed      2.87%
  86  12754_5_80    0.23%    failed      3.26%
  87  12754_5_82    0.25%    failed      0.01%
  88  12754_5_84    0.22%    failed      3.23%
  89  12754_5_86    0.24%    failed      3.24%
  90  12754_5_88    0.48%    failed      0.00%
  91  12754_5_89    0.33%    failed      3.28%
  92  12754_5_9     0.25%    passed      6.29%
  93  12754_5_90    0.39%    failed      2.93%
  94  12754_5_92    0.46%    failed      3.60%
  95  12754_5_94    0.18%    failed      0.02%
  96  12754_5_95    0.62%    failed      2.67%
  97  19183_4_48    0.15%    failed      0.01%
  98  19183_4_49    0.22%    failed      3.78%
  99  19183_4_50    0.28%    failed      3.82%
 100  19183_4_51    0.31%    failed      0.00%
 101  19183_4_52    0.27%    passed      6.63%
 102  19183_4_53    0.31%    passed      6.85%
 103  19183_4_54    0.29%    failed      2.44%
 104  19183_4_55    0.47%    failed      0.00%
 105  19183_4_56    0.27%    failed      1.79%
 106  19183_4_57    0.26%    failed      3.98%
 107  19183_4_58    0.20%    failed      2.41%
 108  19183_4_59    0.36%    failed      0.00%
 109  19183_4_60    0.35%    failed      3.95%
 110  19183_4_61    0.25%    failed      3.69%
 111  19183_4_62    0.19%    failed      0.00%
 112  19183_4_63    0.18%    failed      0.00%
 113  19183_4_64    0.36%    failed      4.51%
 114  19183_4_65    0.17%    failed      0.00%
 115  19183_4_66    0.31%    failed      1.09%
 116  19183_4_67    0.17%    failed      2.02%
 117  19183_4_68    0.24%    failed      0.00%
 118  19183_4_69    0.46%    passed      7.09%
 119  19183_4_70    0.18%    failed      0.00%
 120  19183_4_71    0.47%    failed      1.46%
 121  19183_4_72    0.55%    passed      5.64%
 122  19183_4_73    0.22%    failed      3.61%
 123  19183_4_74    0.63%    failed      0.00%
 124  19183_4_75    0.51%    failed      0.00%
 125  19183_4_76    0.22%    failed      0.00%
 126  19183_4_77    0.26%    failed      2.68%
 127  19183_4_78    0.26%    failed      3.60%
 128  19183_4_79    0.26%    failed      3.38%
****  TOTAL         0.33%  109 sequences failed composition chi2 test (p-value<5%; df=3)
NOTE: minimal branch length is reduced to 0.000000663310 for long alignment

Create initial parsimony tree by phylogenetic likelihood library (PLL)... 3.247 seconds

NOTE: ModelFinder requires 1770 MB RAM!
ModelFinder will test 484 DNA models (sample size: 150759) ...
 No. Model         -LnL         df  AIC          AICc         BIC
  1  JC            1695786.189  253 3392078.379  3392079.233  3394589.009
  2  JC+ASC        1682055.193  253 3364616.386  3364617.240  3367127.016
  3  JC+G4         1669600.709  254 3339709.418  3339710.278  3342229.971
  4  JC+ASC+G4     1644904.126  254 3290316.251  3290317.112  3292836.805
  5  JC+R2         1667443.058  255 3335396.116  3335396.983  3337926.592

******************************************************
CHECKPOINT: Resuming analysis from listeria_monocytogenes_core_gene_snps.aln.ckp.gz

IQ-TREE multicore version 1.5.5 for Mac OS X 64-bit built Nov 22 2017
Copyright (c) 2011-2017 by Bui Quang Minh, Nguyen Lam Tung,
Olga Chernomor, Heiko Schmidt, and Arndt von Haeseler.

Host:    mib111501i.internal.sanger.ac.uk (AVX2, FMA3, 16 GB RAM)
Command: iqtree -s listeria_monocytogenes_core_gene_snps.aln -nt 4 -m HKY
Seed:    550759 (Using SPRNG - Scalable Parallel Random Number Generator)
Time:    Tue Jun 19 10:01:34 2018
Kernel:  AVX+FMA - 4 threads (4 CPU cores detected)

WARNING: Number of command-line arguments differs from checkpoint
WARNING: Command-line differs from checkpoint!
Reading alignment file listeria_monocytogenes_core_gene_snps.aln ... Fasta format detected
Alignment most likely contains DNA/RNA sequences
Alignment has 128 sequences with 150759 columns and 42643 patterns (143851 informative sites, 0 constant sites)
WARNING: Some sequence names are changed as follows:
12673_8#24 -> 12673_8_24
12673_8#26 -> 12673_8_26
12673_8#27 -> 12673_8_27
12673_8#28 -> 12673_8_28
12673_8#29 -> 12673_8_29
12673_8#31 -> 12673_8_31
12673_8#32 -> 12673_8_32
12673_8#34 -> 12673_8_34
12673_8#36 -> 12673_8_36
12673_8#37 -> 12673_8_37
12673_8#39 -> 12673_8_39
12673_8#41 -> 12673_8_41
12673_8#42 -> 12673_8_42
12673_8#43 -> 12673_8_43
12754_4#66 -> 12754_4_66
12754_4#68 -> 12754_4_68
12754_4#70 -> 12754_4_70
12754_4#71 -> 12754_4_71
12754_4#73 -> 12754_4_73
12754_4#74 -> 12754_4_74
12754_4#75 -> 12754_4_75
12754_4#77 -> 12754_4_77
12754_4#78 -> 12754_4_78
12754_4#79 -> 12754_4_79
12754_4#80 -> 12754_4_80
12754_4#81 -> 12754_4_81
12754_4#82 -> 12754_4_82
12754_4#84 -> 12754_4_84
12754_4#85 -> 12754_4_85
12754_4#87 -> 12754_4_87
12754_4#88 -> 12754_4_88
12754_4#89 -> 12754_4_89
12754_4#90 -> 12754_4_90
12754_4#92 -> 12754_4_92
12754_4#94 -> 12754_4_94
12754_4#95 -> 12754_4_95
12754_5#11 -> 12754_5_11
12754_5#12 -> 12754_5_12
12754_5#13 -> 12754_5_13
12754_5#14 -> 12754_5_14
12754_5#16 -> 12754_5_16
12754_5#18 -> 12754_5_18
12754_5#19 -> 12754_5_19
12754_5#2 -> 12754_5_2
12754_5#20 -> 12754_5_20
12754_5#22 -> 12754_5_22
12754_5#24 -> 12754_5_24
12754_5#26 -> 12754_5_26
12754_5#28 -> 12754_5_28
12754_5#3 -> 12754_5_3
12754_5#30 -> 12754_5_30
12754_5#32 -> 12754_5_32
12754_5#33 -> 12754_5_33
12754_5#35 -> 12754_5_35
12754_5#36 -> 12754_5_36
12754_5#37 -> 12754_5_37
12754_5#39 -> 12754_5_39
12754_5#40 -> 12754_5_40
12754_5#42 -> 12754_5_42
12754_5#43 -> 12754_5_43
12754_5#45 -> 12754_5_45
12754_5#46 -> 12754_5_46
12754_5#47 -> 12754_5_47
12754_5#49 -> 12754_5_49
12754_5#5 -> 12754_5_5
12754_5#51 -> 12754_5_51
12754_5#52 -> 12754_5_52
12754_5#53 -> 12754_5_53
12754_5#55 -> 12754_5_55
12754_5#57 -> 12754_5_57
12754_5#59 -> 12754_5_59
12754_5#6 -> 12754_5_6
12754_5#61 -> 12754_5_61
12754_5#62 -> 12754_5_62
12754_5#64 -> 12754_5_64
12754_5#66 -> 12754_5_66
12754_5#68 -> 12754_5_68
12754_5#70 -> 12754_5_70
12754_5#71 -> 12754_5_71
12754_5#72 -> 12754_5_72
12754_5#73 -> 12754_5_73
12754_5#74 -> 12754_5_74
12754_5#76 -> 12754_5_76
12754_5#78 -> 12754_5_78
12754_5#8 -> 12754_5_8
12754_5#80 -> 12754_5_80
12754_5#82 -> 12754_5_82
12754_5#84 -> 12754_5_84
12754_5#86 -> 12754_5_86
12754_5#88 -> 12754_5_88
12754_5#89 -> 12754_5_89
12754_5#9 -> 12754_5_9
12754_5#90 -> 12754_5_90
12754_5#92 -> 12754_5_92
12754_5#94 -> 12754_5_94
12754_5#95 -> 12754_5_95
19183_4#48 -> 19183_4_48
19183_4#49 -> 19183_4_49
19183_4#50 -> 19183_4_50
19183_4#51 -> 19183_4_51
19183_4#52 -> 19183_4_52
19183_4#53 -> 19183_4_53
19183_4#54 -> 19183_4_54
19183_4#55 -> 19183_4_55
19183_4#56 -> 19183_4_56
19183_4#57 -> 19183_4_57
19183_4#58 -> 19183_4_58
19183_4#59 -> 19183_4_59
19183_4#60 -> 19183_4_60
19183_4#61 -> 19183_4_61
19183_4#62 -> 19183_4_62
19183_4#63 -> 19183_4_63
19183_4#64 -> 19183_4_64
19183_4#65 -> 19183_4_65
19183_4#66 -> 19183_4_66
19183_4#67 -> 19183_4_67
19183_4#68 -> 19183_4_68
19183_4#69 -> 19183_4_69
19183_4#70 -> 19183_4_70
19183_4#71 -> 19183_4_71
19183_4#72 -> 19183_4_72
19183_4#73 -> 19183_4_73
19183_4#74 -> 19183_4_74
19183_4#75 -> 19183_4_75
19183_4#76 -> 19183_4_76
19183_4#77 -> 19183_4_77
19183_4#78 -> 19183_4_78
19183_4#79 -> 19183_4_79

            Gap/Ambiguity  Composition  p-value
   1  12673_8_24    0.32%    failed      3.49%
   2  12673_8_26    0.23%    failed      3.18%
   3  12673_8_27    0.28%    passed     10.10%
   4  12673_8_28    0.35%    failed      1.37%
   5  12673_8_29    0.27%    failed      3.44%
   6  12673_8_31    0.25%    failed      3.12%
   7  12673_8_32    0.36%    failed      2.43%
   8  12673_8_34    0.30%    failed      2.27%
   9  12673_8_36    0.26%    failed      3.08%
  10  12673_8_37    0.33%    failed      1.89%
  11  12673_8_39    0.22%    failed      0.00%
  12  12673_8_41    0.24%    failed      3.72%
  13  12673_8_42    0.31%    failed      2.65%
  14  12673_8_43    0.35%    passed      6.18%
  15  12754_4_66    0.22%    failed      3.68%
  16  12754_4_68    0.37%    failed      2.20%
  17  12754_4_70    0.30%    failed      2.92%
  18  12754_4_71    0.29%    failed      0.00%
  19  12754_4_73    0.27%    failed      3.74%
  20  12754_4_74    0.45%    failed      3.38%
  21  12754_4_75    0.32%    failed      2.99%
  22  12754_4_77    0.55%    passed      7.20%
  23  12754_4_78    0.28%    failed      0.00%
  24  12754_4_79    0.24%    failed      0.00%
  25  12754_4_80    0.26%    passed      8.68%
  26  12754_4_81    0.32%    failed      0.00%
  27  12754_4_82    0.30%    passed      6.01%
  28  12754_4_84    0.63%    failed      0.00%
  29  12754_4_85    0.22%    failed      3.53%
  30  12754_4_87    0.32%    failed      0.00%
  31  12754_4_88    0.35%    failed      4.85%
  32  12754_4_89    0.61%    failed      0.00%
  33  12754_4_90    0.17%    failed      0.00%
  34  12754_4_92    0.13%    failed      0.00%
  35  12754_4_94    0.49%    failed      0.00%
  36  12754_4_95    0.31%    passed      6.12%
  37  12754_5_11    0.29%    passed      7.25%
  38  12754_5_12    0.25%    failed      0.01%
  39  12754_5_13    0.34%    passed      7.80%
  40  12754_5_14    0.23%    failed      0.02%
  41  12754_5_16    0.47%    failed      0.00%
  42  12754_5_18    0.32%    failed      2.02%
  43  12754_5_19    0.37%    failed      0.00%
  44  12754_5_2     0.36%    failed      0.00%
  45  12754_5_20    0.48%    failed      0.00%
  46  12754_5_22    0.23%    failed      3.26%
  47  12754_5_24    0.22%    failed      3.39%
  48  12754_5_26    0.30%    failed      1.98%
  49  12754_5_28    0.37%    failed      3.98%
  50  12754_5_3     0.32%    passed      6.38%
  51  12754_5_30    0.53%    failed      0.00%
  52  12754_5_32    0.29%    failed      3.57%
  53  12754_5_33    0.29%    passed      6.75%
  54  12754_5_35    0.25%    failed      0.00%
  55  12754_5_36    0.22%    failed      3.47%
  56  12754_5_37    0.24%    failed      0.00%
  57  12754_5_39    0.77%    failed      0.00%
  58  12754_5_40    0.28%    passed      6.80%
  59  12754_5_42    0.19%    failed      0.02%
  60  12754_5_43    0.41%    passed      6.32%
  61  12754_5_45    0.26%    failed      2.33%
  62  12754_5_46    0.32%    failed      0.02%
  63  12754_5_47    0.26%    failed      3.55%
  64  12754_5_49    0.18%    failed      0.02%
  65  12754_5_5     0.57%    failed      0.00%
  66  12754_5_51    0.37%    failed      2.34%
  67  12754_5_52    0.31%    failed      0.00%
  68  12754_5_53    0.29%    failed      2.54%
  69  12754_5_55    0.57%    failed      1.63%
  70  12754_5_57    0.47%    failed      1.56%
  71  12754_5_59    0.60%    failed      1.67%
  72  12754_5_6     0.33%    failed      3.68%
  73  12754_5_61    0.32%    failed      3.59%
  74  12754_5_62    0.59%    failed      0.00%
  75  12754_5_64    0.33%    failed      3.17%
  76  12754_5_66    0.20%    failed      0.00%
  77  12754_5_68    0.55%    passed     11.31%
  78  12754_5_70    0.28%    passed      6.65%
  79  12754_5_71    0.34%    failed      3.36%
  80  12754_5_72    0.18%    failed      0.00%
  81  12754_5_73    0.28%    failed      0.01%
  82  12754_5_74    0.33%    failed      3.50%
  83  12754_5_76    0.29%    failed      3.00%
  84  12754_5_78    0.37%    failed      3.50%
  85  12754_5_8     0.30%    failed      2.87%
  86  12754_5_80    0.23%    failed      3.26%
  87  12754_5_82    0.25%    failed      0.01%
  88  12754_5_84    0.22%    failed      3.23%
  89  12754_5_86    0.24%    failed      3.24%
  90  12754_5_88    0.48%    failed      0.00%
  91  12754_5_89    0.33%    failed      3.28%
  92  12754_5_9     0.25%    passed      6.29%
  93  12754_5_90    0.39%    failed      2.93%
  94  12754_5_92    0.46%    failed      3.60%
  95  12754_5_94    0.18%    failed      0.02%
  96  12754_5_95    0.62%    failed      2.67%
  97  19183_4_48    0.15%    failed      0.01%
  98  19183_4_49    0.22%    failed      3.78%
  99  19183_4_50    0.28%    failed      3.82%
 100  19183_4_51    0.31%    failed      0.00%
 101  19183_4_52    0.27%    passed      6.63%
 102  19183_4_53    0.31%    passed      6.85%
 103  19183_4_54    0.29%    failed      2.44%
 104  19183_4_55    0.47%    failed      0.00%
 105  19183_4_56    0.27%    failed      1.79%
 106  19183_4_57    0.26%    failed      3.98%
 107  19183_4_58    0.20%    failed      2.41%
 108  19183_4_59    0.36%    failed      0.00%
 109  19183_4_60    0.35%    failed      3.95%
 110  19183_4_61    0.25%    failed      3.69%
 111  19183_4_62    0.19%    failed      0.00%
 112  19183_4_63    0.18%    failed      0.00%
 113  19183_4_64    0.36%    failed      4.51%
 114  19183_4_65    0.17%    failed      0.00%
 115  19183_4_66    0.31%    failed      1.09%
 116  19183_4_67    0.17%    failed      2.02%
 117  19183_4_68    0.24%    failed      0.00%
 118  19183_4_69    0.46%    passed      7.09%
 119  19183_4_70    0.18%    failed      0.00%
 120  19183_4_71    0.47%    failed      1.46%
 121  19183_4_72    0.55%    passed      5.64%
 122  19183_4_73    0.22%    failed      3.61%
 123  19183_4_74    0.63%    failed      0.00%
 124  19183_4_75    0.51%    failed      0.00%
 125  19183_4_76    0.22%    failed      0.00%
 126  19183_4_77    0.26%    failed      2.68%
 127  19183_4_78    0.26%    failed      3.60%
 128  19183_4_79    0.26%    failed      3.38%
****  TOTAL         0.33%  109 sequences failed composition chi2 test (p-value<5%; df=3)
NOTE: minimal branch length is reduced to 0.000000663310 for long alignment

CHECKPOINT: Initial tree restored

NOTE: 177 MB RAM (0 GB) is required!
Estimate model parameters (epsilon = 0.100)
1. Initial log-likelihood: -1710676.009
2. Current log-likelihood: -1647144.621
3. Current log-likelihood: -1626160.649
4. Current log-likelihood: -1607185.301
5. Current log-likelihood: -1603375.680
6. Current log-likelihood: -1603344.674
7. Current log-likelihood: -1603344.389
Optimal log-likelihood: -1603344.363
Rate parameters:  A-C: 1.000  A-G: 5.698  A-T: 1.000  C-G: 1.000  C-T: 5.698  G-T: 1.000
Base frequencies:   A: 0.250  C: 0.260  G: 0.216  T: 0.274
Parameters optimization took 7 rounds (9.291 sec)
Computing ML distances based on estimated model parameters... 9.188 sec
Computing BIONJ tree...
0.025 seconds
Log-likelihood of BIONJ tree: -1611097.544
--------------------------------------------------------------------
|             INITIALIZING CANDIDATE TREE SET                      |
--------------------------------------------------------------------
Generating 98 parsimony trees... 273.248 second
Computing log-likelihood of 98 initial trees ... 66.213 seconds
Current best score: -1602843.412

Do NNI search on 20 best initial trees
Estimate model parameters (epsilon = 0.100)
BETTER TREE FOUND at iteration 1: -1602717.463
Estimate model parameters (epsilon = 0.100)
BETTER TREE FOUND at iteration 2: -1602700.677
Iteration 10 / LogL: -1602721.973 / Time: 0h:7m:15s
Iteration 20 / LogL: -1603019.392 / Time: 0h:8m:23s
Finish initializing candidate tree set (20)
Current best tree score: -1602700.677 / CPU time: 486.901
Number of iterations: 20
--------------------------------------------------------------------
|               OPTIMIZING CANDIDATE TREE SET                      |
--------------------------------------------------------------------
Iteration 30 / LogL: -1602716.442 / Time: 0h:9m:49s (0h:24m:21s left)
Iteration 40 / LogL: -1604249.559 / Time: 0h:11m:16s (0h:17m:54s left)
BETTER TREE FOUND at iteration 42: -1602700.675
Iteration 50 / LogL: -1613075.526 / Time: 0h:12m:29s (0h:23m:24s left)
Iteration 60 / LogL: -1618220.697 / Time: 0h:13m:42s (0h:19m:1s left)
Iteration 70 / LogL: -1602872.737 / Time: 0h:14m:52s (0h:15m:30s left)
Iteration 80 / LogL: -1602708.343 / Time: 0h:16m:4s (0h:12m:35s left)
Iteration 90 / LogL: -1603185.263 / Time: 0h:17m:10s (0h:10m:1s left)
Iteration 100 / LogL: -1603599.234 / Time: 0h:18m:23s (0h:7m:47s left)
Iteration 110 / LogL: -1602701.818 / Time: 0h:19m:42s (0h:5m:46s left)
Iteration 120 / LogL: -1603048.437 / Time: 0h:21m:21s (0h:3m:56s left)
Iteration 130 / LogL: -1603763.028 / Time: 0h:23m:16s (0h:2m:9s left)
Iteration 140 / LogL: -1602876.354 / Time: 0h:25m:1s (0h:0m:21s left)
TREE SEARCH COMPLETED AFTER 143 ITERATIONS / Time: 0h:25m:20s

--------------------------------------------------------------------
|                    FINALIZING TREE SEARCH                        |
--------------------------------------------------------------------
Performs final model parameters optimization
Estimate model parameters (epsilon = 0.010)
1. Initial log-likelihood: -1602700.675
2. Current log-likelihood: -1602699.865
3. Current log-likelihood: -1602699.755
Optimal log-likelihood: -1602699.749
Rate parameters:  A-C: 1.000  A-G: 5.699  A-T: 1.000  C-G: 1.000  C-T: 5.699  G-T: 1.000
Base frequencies:   A: 0.250  C: 0.260  G: 0.216  T: 0.274
Parameters optimization took 3 rounds (3.137 sec)
BEST SCORE FOUND : -1602699.749
Total tree length: 2.941

Total number of iterations: 143
CPU time used for tree search: 3240.383 sec (0h:54m:0s)
Wall-clock time used for tree search: 1504.325 sec (0h:25m:4s)
Total CPU time used: 3299.508 sec (0h:54m:59s)
Total wall-clock time used: 1523.972 sec (0h:25m:23s)

Analysis results written to: 
  IQ-TREE report:                listeria_monocytogenes_core_gene_snps.aln.iqtree
  Maximum-likelihood tree:       listeria_monocytogenes_core_gene_snps.aln.treefile
  Likelihood distances:          listeria_monocytogenes_core_gene_snps.aln.mldist
  Screen log file:               listeria_monocytogenes_core_gene_snps.aln.log

Date and Time: Tue Jun 19 10:26:59 2018
