nohup: ignoring input
[1] "Optimised hyperparameter: 0.063"
Warning message:
In write.csv(multi.results, file = paste(pre.name, "fastbaps_partition_optbaps_prior.csv",  :
  attempt to set 'col.names' ignored
	Command being timed: "Rscript --vanilla ./fastbaps_manuscript/run_fastbaps_optbaps_prior.R ./data/escherichia_coli/escherichia_coli_core_gene_alignment.snps.aln"
	User time (seconds): 4330.76
	System time (seconds): 52.08
	Percent of CPU this job got: 137%
	Elapsed (wall clock) time (h:mm:ss or m:ss): 53:03.88
	Average shared text size (kbytes): 0
	Average unshared data size (kbytes): 0
	Average stack size (kbytes): 0
	Average total size (kbytes): 0
	Maximum resident set size (kbytes): 4291252
	Average resident set size (kbytes): 0
	Major (requiring I/O) page faults: 0
	Minor (reclaiming a frame) page faults: 13571407
	Voluntary context switches: 5136
	Involuntary context switches: 32844
	Swaps: 0
	File system inputs: 0
	File system outputs: 72
	Socket messages sent: 0
	Socket messages received: 0
	Signals delivered: 0
	Page size (bytes): 4096
	Exit status: 0
