Warning message:
In write.csv(multi.results, file = paste(pre.name, "fastbaps_partition_baps_prior_l1.csv",  :
  attempt to set 'col.names' ignored
	Command being timed: "Rscript --vanilla ./fastbaps_manuscript/run_fastbaps_baps_prior.R ./data/escherichia_coli/escherichia_coli_core_gene_alignment.snps.aln"
	User time (seconds): 273.22
	System time (seconds): 9.75
	Percent of CPU this job got: 110%
	Elapsed (wall clock) time (h:mm:ss or m:ss): 4:17.25
	Average shared text size (kbytes): 0
	Average unshared data size (kbytes): 0
	Average stack size (kbytes): 0
	Average total size (kbytes): 0
	Maximum resident set size (kbytes): 4290976
	Average resident set size (kbytes): 0
	Major (requiring I/O) page faults: 0
	Minor (reclaiming a frame) page faults: 1903491
	Voluntary context switches: 715
	Involuntary context switches: 205
	Swaps: 0
	File system inputs: 0
	File system outputs: 56
	Socket messages sent: 0
	Socket messages received: 0
	Signals delivered: 0
	Page size (bytes): 4096
	Exit status: 0
