nohup: ignoring input
[1] "Optimised hyperparameter: 0.007"
Warning message:
In write.csv(multi.results, file = paste(pre.name, "fastbaps_partition.csv",  :
  attempt to set 'col.names' ignored
	Command being timed: "Rscript --vanilla ./fastbaps_manuscript/run_fastbaps.R ./data/escherichia_coli/escherichia_coli_core_gene_alignment.snps.aln"
	User time (seconds): 3394.77
	System time (seconds): 32.57
	Percent of CPU this job got: 133%
	Elapsed (wall clock) time (h:mm:ss or m:ss): 42:50.83
	Average shared text size (kbytes): 0
	Average unshared data size (kbytes): 0
	Average stack size (kbytes): 0
	Average total size (kbytes): 0
	Maximum resident set size (kbytes): 4307040
	Average resident set size (kbytes): 0
	Major (requiring I/O) page faults: 0
	Minor (reclaiming a frame) page faults: 8771262
	Voluntary context switches: 4376
	Involuntary context switches: 2160
	Swaps: 0
	File system inputs: 712064
	File system outputs: 72
	Socket messages sent: 0
	Socket messages received: 0
	Signals delivered: 0
	Page size (bytes): 4096
	Exit status: 0
