[1] "Optimised hyperparameter: 0.209"
[1] "Calculating node marginal llks..."
[1] "Finding best partition..."
Warning message:
In write.csv(multi.results, file = "hiv_fastbaps_ward_best_partition_optbaps_prior.csv",  :
  attempt to set 'col.names' ignored
	Command being timed: "Rscript --vanilla ./fastbaps_manuscript/HIV_run_ward_bbp.R"
	User time (seconds): 20307.61
	System time (seconds): 87.68
	Percent of CPU this job got: 99%
	Elapsed (wall clock) time (h:mm:ss or m:ss): 5:39:56
	Average shared text size (kbytes): 0
	Average unshared data size (kbytes): 0
	Average stack size (kbytes): 0
	Average total size (kbytes): 0
	Maximum resident set size (kbytes): 6510092
	Average resident set size (kbytes): 0
	Major (requiring I/O) page faults: 0
	Minor (reclaiming a frame) page faults: 40413070
	Voluntary context switches: 47
	Involuntary context switches: 11977
	Swaps: 0
	File system inputs: 0
	File system outputs: 6360
	Socket messages sent: 0
	Socket messages received: 0
	Signals delivered: 0
	Page size (bytes): 4096
	Exit status: 0
