[1] "Optimised hyperparameter: 0.035"
     user    system   elapsed 
16067.047    25.447 16093.546 
     user    system   elapsed 
38885.561    67.631 35374.506 
	Command being timed: "Rscript --vanilla ./fastbaps_manuscript/HIV_run_fastbaps_symmetric.R"
	User time (seconds): 54971.59
	System time (seconds): 95.57
	Percent of CPU this job got: 106%
	Elapsed (wall clock) time (h:mm:ss or m:ss): 14:18:09
	Average shared text size (kbytes): 0
	Average unshared data size (kbytes): 0
	Average stack size (kbytes): 0
	Average total size (kbytes): 0
	Maximum resident set size (kbytes): 7409472
	Average resident set size (kbytes): 0
	Major (requiring I/O) page faults: 0
	Minor (reclaiming a frame) page faults: 48570296
	Voluntary context switches: 199580
	Involuntary context switches: 24748
	Swaps: 0
	File system inputs: 0
	File system outputs: 7928
	Socket messages sent: 0
	Socket messages received: 0
	Signals delivered: 0
	Page size (bytes): 4096
	Exit status: 0
