[1] "Optimised hyperparameter: 0.213"
     user    system   elapsed 
16004.270    30.851 16036.222 
     user    system   elapsed 
38898.716    56.261 35408.699 
	Command being timed: "Rscript --vanilla ./fastbaps_manuscript/HIV_run_fastbaps_optbapsprior.R"
	User time (seconds): 54922.80
	System time (seconds): 89.37
	Percent of CPU this job got: 106%
	Elapsed (wall clock) time (h:mm:ss or m:ss): 14:17:47
	Average shared text size (kbytes): 0
	Average unshared data size (kbytes): 0
	Average stack size (kbytes): 0
	Average total size (kbytes): 0
	Maximum resident set size (kbytes): 6511348
	Average resident set size (kbytes): 0
	Major (requiring I/O) page faults: 0
	Minor (reclaiming a frame) page faults: 27658363
	Voluntary context switches: 191315
	Involuntary context switches: 34777
	Swaps: 0
	File system inputs: 0
	File system outputs: 7936
	Socket messages sent: 0
	Socket messages received: 0
	Signals delivered: 0
	Page size (bytes): 4096
	Exit status: 0
