     user    system   elapsed 
39552.397   143.514 36063.912 
	Command being timed: "Rscript --vanilla ./fastbaps_manuscript/HIV_run_baps_prior.R"
	User time (seconds): 39572.92
	System time (seconds): 145.97
	Percent of CPU this job got: 110%
	Elapsed (wall clock) time (h:mm:ss or m:ss): 10:01:26
	Average shared text size (kbytes): 0
	Average unshared data size (kbytes): 0
	Average stack size (kbytes): 0
	Average total size (kbytes): 0
	Maximum resident set size (kbytes): 3465448
	Average resident set size (kbytes): 0
	Major (requiring I/O) page faults: 0
	Minor (reclaiming a frame) page faults: 115274557
	Voluntary context switches: 197955
	Involuntary context switches: 27125
	Swaps: 0
	File system inputs: 0
	File system outputs: 7736
	Socket messages sent: 0
	Socket messages received: 0
	Signals delivered: 0
	Page size (bytes): 4096
	Exit status: 0
