FastTree Version 2.1.10 Double precision (No SSE3)
Alignment: listeria_monocytogenes_core_gene_snps.aln
Nucleotide distances: Jukes-Cantor Joins: balanced Support: SH-like 1000
Search: Normal +NNI +SPR (2 rounds range 10) +ML-NNI opt-each=1
TopHits: 1.00*sqrtN close=default refresh=0.80
ML Model: Jukes-Cantor, CAT approximation with 20 rate categories
      1.51 seconds: Top hits for    123 of    128 seqs (at seed    100)
     10.78 seconds: Joined    100 of    125
Initial topology in 11.68 seconds
Refining topology: 28 rounds ME-NNIs, 2 rounds ME-SPRs, 14 rounds ML-NNIs
     11.67 seconds: ME NNI round 1 of 28, 1 of 126 splits
     12.87 seconds: ME NNI round 1 of 28, 101 of 126 splits, 16 changes (max delta 0.012)
     13.11 seconds: ME NNI round 2 of 28, 1 of 126 splits
     14.30 seconds: ME NNI round 2 of 28, 101 of 126 splits, 5 changes (max delta 0.007)
     14.54 seconds: ME NNI round 3 of 28, 1 of 126 splits
     15.33 seconds: ME NNI round 4 of 28, 1 of 126 splits
     15.83 seconds: ME NNI round 5 of 28, 1 of 126 splits
     16.32 seconds: ME NNI round 6 of 28, 1 of 126 splits
     16.50 seconds: SPR round   1 of   2, 1 of 254 nodes
     36.50 seconds: SPR round   1 of   2, 101 of 254 nodes
     55.55 seconds: SPR round   1 of   2, 201 of 254 nodes
     62.74 seconds: ME NNI round 10 of 28, 1 of 126 splits
     63.93 seconds: ME NNI round 10 of 28, 101 of 126 splits, 0 changes
     64.13 seconds: SPR round   2 of   2, 1 of 254 nodes
     83.11 seconds: SPR round   2 of   2, 101 of 254 nodes
    102.72 seconds: SPR round   2 of   2, 201 of 254 nodes
    109.91 seconds: ME NNI round 19 of 28, 1 of 126 splits
    111.07 seconds: ME NNI round 19 of 28, 101 of 126 splits, 0 changes
Total branch-length 2.796 after 112.91 sec
    113.14 seconds: ML Lengths 1 of 126 splits
    122.59 seconds: ML Lengths 101 of 126 splits
    124.76 seconds: ML NNI round 1 of 14, 1 of 126 splits
    157.10 seconds: ML NNI round 1 of 14, 101 of 126 splits, 19 changes (max delta 97.872)
ML-NNI round 1: LogLk = -1695951.315 NNIs 30 max delta 107.59 Time 164.91
    165.47 seconds: Site likelihoods with rate category 1 of 20
    166.04 seconds: Site likelihoods with rate category 2 of 20
    166.60 seconds: Site likelihoods with rate category 3 of 20
    167.16 seconds: Site likelihoods with rate category 4 of 20
    167.72 seconds: Site likelihoods with rate category 5 of 20
    168.28 seconds: Site likelihoods with rate category 6 of 20
    168.84 seconds: Site likelihoods with rate category 7 of 20
    169.40 seconds: Site likelihoods with rate category 8 of 20
    169.96 seconds: Site likelihoods with rate category 9 of 20
    170.52 seconds: Site likelihoods with rate category 10 of 20
    171.08 seconds: Site likelihoods with rate category 11 of 20
    171.64 seconds: Site likelihoods with rate category 12 of 20
    172.20 seconds: Site likelihoods with rate category 13 of 20
    172.76 seconds: Site likelihoods with rate category 14 of 20
    173.32 seconds: Site likelihoods with rate category 15 of 20
    173.88 seconds: Site likelihoods with rate category 16 of 20
    174.47 seconds: Site likelihoods with rate category 17 of 20
    175.03 seconds: Site likelihoods with rate category 18 of 20
    175.59 seconds: Site likelihoods with rate category 19 of 20
    176.15 seconds: Site likelihoods with rate category 20 of 20
Switched to using 20 rate categories (CAT approximation)
Rate categories were divided by 0.855 so that average rate = 1.0
CAT-based log-likelihoods may not be comparable across runs
Use -gamma for approximate but comparable Gamma(20) log-likelihoods
    176.97 seconds: ML NNI round 2 of 14, 1 of 126 splits
    193.38 seconds: ML NNI round 2 of 14, 101 of 126 splits, 7 changes (max delta 20.220)
ML-NNI round 2: LogLk = -1622678.843 NNIs 12 max delta 20.22 Time 200.68
    200.68 seconds: ML NNI round 3 of 14, 1 of 126 splits
ML-NNI round 3: LogLk = -1622676.802 NNIs 0 max delta 0.00 Time 211.40
Turning off heuristics for final round of ML NNIs (converged)
    211.40 seconds: ML NNI round 4 of 14, 1 of 126 splits
    241.08 seconds: ML NNI round 4 of 14, 101 of 126 splits, 0 changes
ML-NNI round 4: LogLk = -1622669.395 NNIs 0 max delta 0.00 Time 247.81 (final)
    247.80 seconds: ML Lengths 1 of 126 splits
    255.52 seconds: ML Lengths 101 of 126 splits
Optimize all lengths: LogLk = -1622667.537 Time 257.54
    437.46 seconds: ML split tests for    100 of    125 internal splits
Total time: 481.38 seconds Unique: 128/128 Bad splits: 0/125
