nohup: ignoring input
[1] "Optimised hyperparameter: 0.02"
Warning message:
In write.csv(multi.results, file = paste(pre.name, "fastbaps_partition.csv",  :
  attempt to set 'col.names' ignored
	Command being timed: "Rscript --vanilla ./fastbaps_manuscript/run_fastbaps.R ./data/listeria_monocytogenes/listeria_monocytogenes_core_gene_snps.aln"
	User time (seconds): 167.21
	System time (seconds): 2.72
	Percent of CPU this job got: 104%
	Elapsed (wall clock) time (h:mm:ss or m:ss): 2:42.36
	Average shared text size (kbytes): 0
	Average unshared data size (kbytes): 0
	Average stack size (kbytes): 0
	Average total size (kbytes): 0
	Maximum resident set size (kbytes): 756176
	Average resident set size (kbytes): 0
	Major (requiring I/O) page faults: 0
	Minor (reclaiming a frame) page faults: 760137
	Voluntary context switches: 425
	Involuntary context switches: 298
	Swaps: 0
	File system inputs: 37688
	File system outputs: 24
	Socket messages sent: 0
	Socket messages received: 0
	Signals delivered: 0
	Page size (bytes): 4096
	Exit status: 0
