[1] "Optimised hyperparameter: 0.02"
Warning message:
In write.csv(multi.results, file = paste(pre.name, "fastbaps_partition_symmetric_l1.csv",  :
  attempt to set 'col.names' ignored
	Command being timed: "Rscript --vanilla ./fastbaps_manuscript/run_fastbaps_symmetric.R ./data/listeria_monocytogenes/listeria_monocytogenes_core_gene_snps.aln"
	User time (seconds): 65.48
	System time (seconds): 2.88
	Percent of CPU this job got: 101%
	Elapsed (wall clock) time (h:mm:ss or m:ss): 1:07.54
	Average shared text size (kbytes): 0
	Average unshared data size (kbytes): 0
	Average stack size (kbytes): 0
	Average total size (kbytes): 0
	Maximum resident set size (kbytes): 823480
	Average resident set size (kbytes): 0
	Major (requiring I/O) page faults: 0
	Minor (reclaiming a frame) page faults: 879231
	Voluntary context switches: 213
	Involuntary context switches: 73
	Swaps: 0
	File system inputs: 0
	File system outputs: 16
	Socket messages sent: 0
	Socket messages received: 0
	Signals delivered: 0
	Page size (bytes): 4096
	Exit status: 0
