nohup: ignoring input
Loading required package: methods
Loading required package: ade4

   /// adegenet 2.1.2 is loaded ////////////

   > overview: '?adegenet'
   > tutorials/doc/questions: 'adegenetWeb()' 
   > bug reports/feature requests: adegenetIssues()


	Command being timed: "Rscript --vanilla ./fastbaps_manuscript/run_snapclust.R ./data/listeria_monocytogenes/listeria_monocytogenes_core_gene_snps.aln 30"
	User time (seconds): 9749.69
	System time (seconds): 184.68
	Percent of CPU this job got: 324%
	Elapsed (wall clock) time (h:mm:ss or m:ss): 50:57.18
	Average shared text size (kbytes): 0
	Average unshared data size (kbytes): 0
	Average stack size (kbytes): 0
	Average total size (kbytes): 0
	Maximum resident set size (kbytes): 5813648
	Average resident set size (kbytes): 0
	Major (requiring I/O) page faults: 0
	Minor (reclaiming a frame) page faults: 133069669
	Voluntary context switches: 6585
	Involuntary context switches: 5686
	Swaps: 0
	File system inputs: 16
	File system outputs: 32
	Socket messages sent: 0
	Socket messages received: 0
	Signals delivered: 0
	Page size (bytes): 4096
	Exit status: 0
