[1] "Optimised hyperparameter: 0.063"
[1] "Calculating node marginal llks..."
[1] "Finding best partition..."
Warning message:
In write.csv(multi.results, file = paste(pre.name, "fastbaps_ward_best_partition_optbaps_prior.csv",  :
  attempt to set 'col.names' ignored
	Command being timed: "Rscript --vanilla ./fastbaps_manuscript/run_ward_baps_partition_optbapsprior.R ./data/listeria_monocytogenes/listeria_monocytogenes_core_gene_snps.aln"
	User time (seconds): 84.25
	System time (seconds): 3.44
	Percent of CPU this job got: 99%
	Elapsed (wall clock) time (h:mm:ss or m:ss): 1:27.70
	Average shared text size (kbytes): 0
	Average unshared data size (kbytes): 0
	Average stack size (kbytes): 0
	Average total size (kbytes): 0
	Maximum resident set size (kbytes): 971264
	Average resident set size (kbytes): 0
	Major (requiring I/O) page faults: 0
	Minor (reclaiming a frame) page faults: 946121
	Voluntary context switches: 40
	Involuntary context switches: 83
	Swaps: 0
	File system inputs: 0
	File system outputs: 16
	Socket messages sent: 0
	Socket messages received: 0
	Signals delivered: 0
	Page size (bytes): 4096
	Exit status: 0
