nohup: ignoring input
Warning message:
In write.csv(multi.results, file = paste(pre.name, "fastbaps_partition_baps_prior.csv",  :
  attempt to set 'col.names' ignored
	Command being timed: "Rscript --vanilla ./fastbaps_manuscript/run_fastbaps_baps_prior.R ./data/maela/maela3k_snps.fasta"
	User time (seconds): 2825.73
	System time (seconds): 30.24
	Percent of CPU this job got: 179%
	Elapsed (wall clock) time (h:mm:ss or m:ss): 26:28.28
	Average shared text size (kbytes): 0
	Average unshared data size (kbytes): 0
	Average stack size (kbytes): 0
	Average total size (kbytes): 0
	Maximum resident set size (kbytes): 3915644
	Average resident set size (kbytes): 0
	Major (requiring I/O) page faults: 0
	Minor (reclaiming a frame) page faults: 5119992
	Voluntary context switches: 5094
	Involuntary context switches: 2267
	Swaps: 0
	File system inputs: 0
	File system outputs: 288
	Socket messages sent: 0
	Socket messages received: 0
	Signals delivered: 0
	Page size (bytes): 4096
	Exit status: 0
