nohup: ignoring input
[1] "Optimised hyperparameter: 0.006"
Warning message:
In write.csv(multi.results, file = paste(pre.name, "fastbaps_partition.csv",  :
  attempt to set 'col.names' ignored
	Command being timed: "Rscript --vanilla ./fastbaps_manuscript/run_fastbaps.R ./data/maela/maela3k_snps.fasta"
	User time (seconds): 16498.30
	System time (seconds): 71.43
	Percent of CPU this job got: 168%
	Elapsed (wall clock) time (h:mm:ss or m:ss): 2:44:19
	Average shared text size (kbytes): 0
	Average unshared data size (kbytes): 0
	Average stack size (kbytes): 0
	Average total size (kbytes): 0
	Maximum resident set size (kbytes): 4713060
	Average resident set size (kbytes): 0
	Major (requiring I/O) page faults: 1
	Minor (reclaiming a frame) page faults: 27131161
	Voluntary context switches: 14735
	Involuntary context switches: 12101
	Swaps: 0
	File system inputs: 1800
	File system outputs: 296
	Socket messages sent: 0
	Socket messages received: 0
	Signals delivered: 0
	Page size (bytes): 4096
	Exit status: 0
