[1] "Optimised hyperparameter: 0.055"
Warning message:
In write.csv(multi.results, file = paste(pre.name, "fastbaps_partition_optbaps_prior_l1.csv",  :
  attempt to set 'col.names' ignored
	Command being timed: "Rscript --vanilla ./fastbaps_manuscript/run_fastbaps_optbaps_prior.R ./data/maela/maela3k_snps.fasta"
	User time (seconds): 3897.81
	System time (seconds): 58.89
	Percent of CPU this job got: 123%
	Elapsed (wall clock) time (h:mm:ss or m:ss): 53:13.53
	Average shared text size (kbytes): 0
	Average unshared data size (kbytes): 0
	Average stack size (kbytes): 0
	Average total size (kbytes): 0
	Maximum resident set size (kbytes): 5791504
	Average resident set size (kbytes): 0
	Major (requiring I/O) page faults: 0
	Minor (reclaiming a frame) page faults: 18501860
	Voluntary context switches: 5644
	Involuntary context switches: 2493
	Swaps: 0
	File system inputs: 0
	File system outputs: 280
	Socket messages sent: 0
	Socket messages received: 0
	Signals delivered: 0
	Page size (bytes): 4096
	Exit status: 0
