nohup: ignoring input
[1] "Optimised hyperparameter: 0.007"
Warning message:
In write.csv(multi.results, file = paste(pre.name, "fastbaps_partition.csv",  :
  attempt to set 'col.names' ignored
	Command being timed: "Rscript --vanilla ./fastbaps_manuscript/run_fastbaps.R ./data/ebola/Makona_1610_cds_ig.fas"
	User time (seconds): 31.91
	System time (seconds): 1.18
	Percent of CPU this job got: 133%
	Elapsed (wall clock) time (h:mm:ss or m:ss): 0:24.73
	Average shared text size (kbytes): 0
	Average unshared data size (kbytes): 0
	Average stack size (kbytes): 0
	Average total size (kbytes): 0
	Maximum resident set size (kbytes): 488404
	Average resident set size (kbytes): 0
	Major (requiring I/O) page faults: 0
	Minor (reclaiming a frame) page faults: 314824
	Voluntary context switches: 416
	Involuntary context switches: 51
	Swaps: 0
	File system inputs: 59784
	File system outputs: 96
	Socket messages sent: 0
	Socket messages received: 0
	Signals delivered: 0
	Page size (bytes): 4096
	Exit status: 0
