nohup: ignoring input
[1] "Optimised hyperparameter: 0.02"
Warning message:
In write.csv(multi.results, file = paste(pre.name, "fastbaps_partition.csv",  :
  attempt to set 'col.names' ignored
	Command being timed: "Rscript --vanilla ./fastbaps_manuscript/run_fastbaps.R ./data/neisseria_meningitidis/neisseria_meningitidis_core_gene_snps.aln"
	User time (seconds): 812.30
	System time (seconds): 8.39
	Percent of CPU this job got: 129%
	Elapsed (wall clock) time (h:mm:ss or m:ss): 10:32.32
	Average shared text size (kbytes): 0
	Average unshared data size (kbytes): 0
	Average stack size (kbytes): 0
	Average total size (kbytes): 0
	Maximum resident set size (kbytes): 1150256
	Average resident set size (kbytes): 0
	Major (requiring I/O) page faults: 0
	Minor (reclaiming a frame) page faults: 2092034
	Voluntary context switches: 2487
	Involuntary context switches: 546
	Swaps: 0
	File system inputs: 151144
	File system outputs: 48
	Socket messages sent: 0
	Socket messages received: 0
	Signals delivered: 0
	Page size (bytes): 4096
	Exit status: 0
