nohup: ignoring input
Loading required package: methods
Loading required package: ade4

   /// adegenet 2.1.2 is loaded ////////////

   > overview: '?adegenet'
   > tutorials/doc/questions: 'adegenetWeb()' 
   > bug reports/feature requests: adegenetIssues()


	Command being timed: "Rscript --vanilla ./fastbaps_manuscript/run_snapclust.R ./data/staphylococcus_aureus/staphylococcus_aureus_core_gene_alignment.snps.aln 12"
	User time (seconds): 208.26
	System time (seconds): 3.76
	Percent of CPU this job got: 99%
	Elapsed (wall clock) time (h:mm:ss or m:ss): 3:32.04
	Average shared text size (kbytes): 0
	Average unshared data size (kbytes): 0
	Average stack size (kbytes): 0
	Average total size (kbytes): 0
	Maximum resident set size (kbytes): 2423896
	Average resident set size (kbytes): 0
	Major (requiring I/O) page faults: 0
	Minor (reclaiming a frame) page faults: 1697848
	Voluntary context switches: 36
	Involuntary context switches: 136
	Swaps: 0
	File system inputs: 0
	File system outputs: 0
	Socket messages sent: 0
	Socket messages received: 0
	Signals delivered: 0
	Page size (bytes): 4096
	Exit status: 0
