[1] "Optimised hyperparameter: 0.061"
[1] "Calculating node marginal llks..."
[1] "Finding best partition..."
Warning message:
In write.csv(multi.results, file = paste(pre.name, "fastbaps_ward_best_partition_optbaps_prior.csv",  :
  attempt to set 'col.names' ignored
	Command being timed: "Rscript --vanilla ./fastbaps_manuscript/run_ward_baps_partition_optbapsprior.R ./data/staphylococcus_aureus/staphylococcus_aureus_core_gene_alignment.snps.aln"
	User time (seconds): 40.66
	System time (seconds): 0.95
	Percent of CPU this job got: 99%
	Elapsed (wall clock) time (h:mm:ss or m:ss): 0:41.62
	Average shared text size (kbytes): 0
	Average unshared data size (kbytes): 0
	Average stack size (kbytes): 0
	Average total size (kbytes): 0
	Maximum resident set size (kbytes): 500716
	Average resident set size (kbytes): 0
	Major (requiring I/O) page faults: 0
	Minor (reclaiming a frame) page faults: 373123
	Voluntary context switches: 51
	Involuntary context switches: 45
	Swaps: 0
	File system inputs: 0
	File system outputs: 16
	Socket messages sent: 0
	Socket messages received: 0
	Signals delivered: 0
	Page size (bytes): 4096
	Exit status: 0
