nohup: ignoring input
Warning message:
In write.csv(multi.results, file = paste(pre.name, "fastbaps_partition_baps_prior.csv",  :
  attempt to set 'col.names' ignored
	Command being timed: "Rscript --vanilla ./fastbaps_manuscript/run_fastbaps_baps_prior.R ./data/staphylococcus_aureus/staphylococcus_aureus_core_gene_alignment.snps.aln"
	User time (seconds): 20.06
	System time (seconds): 1.23
	Percent of CPU this job got: 113%
	Elapsed (wall clock) time (h:mm:ss or m:ss): 0:18.74
	Average shared text size (kbytes): 0
	Average unshared data size (kbytes): 0
	Average stack size (kbytes): 0
	Average total size (kbytes): 0
	Maximum resident set size (kbytes): 325860
	Average resident set size (kbytes): 0
	Major (requiring I/O) page faults: 0
	Minor (reclaiming a frame) page faults: 252513
	Voluntary context switches: 323
	Involuntary context switches: 49
	Swaps: 0
	File system inputs: 0
	File system outputs: 8
	Socket messages sent: 0
	Socket messages received: 0
	Signals delivered: 0
	Page size (bytes): 4096
	Exit status: 0
